<?xml version="1.0" encoding="UTF-8"?>
<!-- Generated by org.testng.reporters.JUnitXMLReporter -->
<testsuite hostname="NaeemSiddiq" ignored="0" name="Duas Page" tests="2" failures="0" timestamp="06 Mar 2018 13:12:18 GMT" time="126.102" errors="0">
  <testcase name="testQuranicDuasCardOnDuasPage" time="22.931" classname="com.vdif.webautomation.duas.TestDuasPage"/>
  <testcase name="testQuranicDuasListOnDuasPage" time="98.451" classname="com.vdif.webautomation.duas.TestDuasPage"/>
</testsuite> <!-- Duas Page -->
