<?xml version="1.0" encoding="UTF-8"?>
<!-- Generated by org.testng.reporters.JUnitXMLReporter -->
<testsuite hostname="NaeemSiddiq" ignored="1" name="Hajj Page" tests="3" failures="0" timestamp="06 Mar 2018 13:14:14 GMT" time="114.957" errors="0">
  <testcase name="testHajjLiveCardOnHajj2017Page" time="29.407" classname="com.vdif.webautomation.hajj.TestHajjPage"/>
  <testcase name="testSideNavBarOnHajj2017Page" time="18.856" classname="com.vdif.webautomation.hajj.TestHajjPage"/>
  <testcase name="testTopNavBarOnHajj2017Page" time="62.415" classname="com.vdif.webautomation.hajj.TestHajjPage"/>
  <testcase name="testOtherCardOnHajj2017Page" time="0.0" classname="com.vdif.webautomation.hajj.TestHajjPage">
    <ignored/>
  </testcase> <!-- testOtherCardOnHajj2017Page -->
</testsuite> <!-- Hajj Page -->
