<?xml version="1.0" encoding="UTF-8"?>
<!-- Generated by org.testng.reporters.JUnitXMLReporter -->
<testsuite hostname="NaeemSiddiq" ignored="1" name="Home Page" tests="11" failures="0" timestamp="06 Mar 2018 13:20:19 GMT" time="364.283" errors="0">
  <testcase name="testTopNavBar" time="55.653" classname="com.vdif.webautomation.homepage.TestHomePage"/>
  <testcase name="testPrayerTimesCardOnHomePage" time="42.692" classname="com.vdif.webautomation.homepage.TestHomePage"/>
  <testcase name="testVerseOfTheDayCardOnHomePage" time="20.549" classname="com.vdif.webautomation.homepage.TestHomePage"/>
  <testcase name="testPopularSurahAndVersesCardOnHomePage" time="27.463" classname="com.vdif.webautomation.homepage.TestHomePage"/>
  <testcase name="testArticlesOnIqraCardOnHomePage" time="19.316" classname="com.vdif.webautomation.homepage.TestHomePage"/>
  <testcase name="testIslamicGalleryCardOnHomePage" time="16.788" classname="com.vdif.webautomation.homepage.TestHomePage"/>
  <testcase name="testSeeYourMonthlyPrayerbookCardOnHomePage" time="15.336" classname="com.vdif.webautomation.homepage.TestHomePage"/>
  <testcase name="testDuaOfTheDayCardOnHomePage" time="25.161" classname="com.vdif.webautomation.homepage.TestHomePage"/>
  <testcase name="testUpcomingEventCardOnHomePage" time="7.605" classname="com.vdif.webautomation.homepage.TestHomePage"/>
  <testcase name="testStayUpdatedCardOnHomePage" time="4.408" classname="com.vdif.webautomation.homepage.TestHomePage"/>
  <testcase name="testFooterOnHomePage" time="124.436" classname="com.vdif.webautomation.homepage.TestHomePage"/>
  <testcase name="testTopPlacesInLahoreCardOnHomePage" time="0.0" classname="com.vdif.webautomation.homepage.TestHomePage">
    <ignored/>
  </testcase> <!-- testTopPlacesInLahoreCardOnHomePage -->
</testsuite> <!-- Home Page -->
