<?xml version="1.0" encoding="UTF-8"?>
<!-- Generated by org.testng.reporters.JUnitXMLReporter -->
<testsuite hostname="NaeemSiddiq" ignored="1" name="Login Prayerbook Page" tests="3" failures="0" timestamp="04 Apr 2018 11:53:13 GMT" time="172.178" errors="0">
  <testcase name="testALogin" time="61.848" classname="com.vdif.webautomation.login_prayerbook.TestLoginAndPrayerbook"/>
  <testcase name="testCPrayerTimesCardOnPrayerBookPage" time="67.099" classname="com.vdif.webautomation.login_prayerbook.TestLoginAndPrayerbook"/>
  <testcase name="testDArticlesOnIqraCardOnPrayerbookPage" time="38.409" classname="com.vdif.webautomation.login_prayerbook.TestLoginAndPrayerbook"/>
  <testcase name="testBPrayerBookCard" time="0.0" classname="com.vdif.webautomation.login_prayerbook.TestLoginAndPrayerbook">
    <ignored/>
  </testcase> <!-- testBPrayerBookCard -->
</testsuite> <!-- Login Prayerbook Page -->
