<?xml version="1.0" encoding="UTF-8"?>
<!-- Generated by org.testng.reporters.JUnitXMLReporter -->
<testsuite hostname="NaeemSiddiq" ignored="0" name="Prayers Times Page" tests="10" failures="0" timestamp="04 Apr 2018 12:00:07 GMT" time="413.085" errors="0">
  <testcase name="testArticlesOnIqraCardOnPrayerTimesPage" time="66.588" classname="com.vdif.webautomation.prayertimes.TestPrayersTimesPage"/>
  <testcase name="testDuaOfTheDayCardOnPrayerTimesPage" time="41.714" classname="com.vdif.webautomation.prayertimes.TestPrayersTimesPage"/>
  <testcase name="testIslamicGalleryCardOnPrayerTimesPage" time="24.154" classname="com.vdif.webautomation.prayertimes.TestPrayersTimesPage"/>
  <testcase name="testMosquesInThisCityCardOnPrayerTimesPage" time="30.252" classname="com.vdif.webautomation.prayertimes.TestPrayersTimesPage"/>
  <testcase name="testPrayerTimeLahoreCardOnPrayerTimesPage" time="87.546" classname="com.vdif.webautomation.prayertimes.TestPrayersTimesPage"/>
  <testcase name="testPrayerTimesCardOnPayerTimesPage" time="36.926" classname="com.vdif.webautomation.prayertimes.TestPrayersTimesPage"/>
  <testcase name="testPrayerTimesInOtherCitiesCardOnPrayerTimesPage" time="38.668" classname="com.vdif.webautomation.prayertimes.TestPrayersTimesPage"/>
  <testcase name="testSeeYourMonthlyPrayerbookCardOnPrayerTimesPage" time="28.684" classname="com.vdif.webautomation.prayertimes.TestPrayersTimesPage"/>
  <testcase name="testVerseOfTheDayCardOnPrayerTimesPage" time="30.625" classname="com.vdif.webautomation.prayertimes.TestPrayersTimesPage"/>
  <testcase name="testWeeklyMonthlyYearlyCardOnPrayerTimesPage" time="22.923" classname="com.vdif.webautomation.prayertimes.TestPrayersTimesPage"/>
</testsuite> <!-- Prayers Times Page -->
