<?xml version="1.0" encoding="UTF-8"?>
<!-- Generated by org.testng.reporters.JUnitXMLReporter -->
<testsuite hostname="NaeemSiddiq" ignored="0" name="Qibla Direction Page" tests="2" failures="0" timestamp="04 Apr 2018 12:19:59 GMT" time="74.158" errors="0">
  <testcase name="testQiblaDirectionAndQiblaCompassFromKarachi" time="50.498" classname="com.vdif.webautomation.qibladirection.TestQiblaDirection"/>
  <testcase name="testQiblaDirectionAndQiblaCompassFromLahore" time="18.899" classname="com.vdif.webautomation.qibladirection.TestQiblaDirection"/>
</testsuite> <!-- Qibla Direction Page -->
