<?xml version="1.0" encoding="UTF-8"?>
<!-- Generated by org.testng.reporters.JUnitXMLReporter -->
<testsuite hostname="NaeemSiddiq" ignored="1" name="Ramadan 2017 Page" tests="1" failures="0" timestamp="06 Mar 2018 13:02:22 GMT" time="38.562" errors="0">
  <testcase name="testTopCardOfRamadanPage" time="33.779" classname="com.vdif.webautomation.ramadan2017.TestRamadan2017"/>
  <testcase name="testOtherCardsOnRamadanPage" time="0.0" classname="com.vdif.webautomation.ramadan2017.TestRamadan2017">
    <ignored/>
  </testcase> <!-- testOtherCardsOnRamadanPage -->
</testsuite> <!-- Ramadan 2017 Page -->
