<?xml version="1.0" encoding="UTF-8"?>
<!-- Generated by org.testng.reporters.JUnitXMLReporter -->
<testsuite hostname="NaeemSiddiq" ignored="0" name="Talk To Us Page" tests="3" failures="0" timestamp="06 Mar 2018 13:05:51 GMT" time="185.373" errors="0">
  <testcase name="testAboutIslamicFinder" time="87.046" classname="com.vdif.webautomation.talktous.TestTalkToUsPage"/>
  <testcase name="testAdvertiseWithUs" time="67.217" classname="com.vdif.webautomation.talktous.TestTalkToUsPage"/>
  <testcase name="testTalkToUsPage" time="26.454" classname="com.vdif.webautomation.talktous.TestTalkToUsPage"/>
</testsuite> <!-- Talk To Us Page -->
