<?xml version="1.0" encoding="UTF-8"?>
<!-- Generated by org.testng.reporters.JUnitXMLReporter -->
<testsuite hostname="NaeemSiddiq" ignored="0" name="Top10 Cities Gregorian Monthly Prayer Times Page" tests="16" failures="3" timestamp="04 Apr 2018 12:12:28 GMT" time="740.633" errors="0">
  <testcase name="testPrayerTimesInDoha" time="80.77" classname="com.vdif.webautomation.prayertimes.TestTop10CitiesGregorianMonthlyPrayerTimes"/>
  <testcase name="testPrayerTimesInJeddah" time="64.636" classname="com.vdif.webautomation.prayertimes.TestTop10CitiesGregorianMonthlyPrayerTimes"/>
  <testcase name="testPrayerTimesInKualaLumpur" time="62.436" classname="com.vdif.webautomation.prayertimes.TestTop10CitiesGregorianMonthlyPrayerTimes"/>
  <testcase name="testPrayerTimesInLondon" time="34.296" classname="com.vdif.webautomation.prayertimes.TestTop10CitiesGregorianMonthlyPrayerTimes">
    <skipped/>
  </testcase> <!-- testPrayerTimesInLondon -->
  <testcase name="testPrayerTimesInLondon" time="30.775" classname="com.vdif.webautomation.prayertimes.TestTop10CitiesGregorianMonthlyPrayerTimes">
    <skipped/>
  </testcase> <!-- testPrayerTimesInLondon -->
  <testcase name="testPrayerTimesInLondon" time="30.148" classname="com.vdif.webautomation.prayertimes.TestTop10CitiesGregorianMonthlyPrayerTimes">
    <failure type="java.lang.AssertionError" message="expected [25] but found [24]">
      <![CDATA[java.lang.AssertionError: expected [25] but found [24]
	at com.vdif.webautomation.prayertimes.PrayerTimesPageComponent.VerifyListOfMonth(PrayerTimesPageComponent.java:191)
	at com.vdif.webautomation.prayertimes.TestTop10CitiesGregorianMonthlyPrayerTimes.enterOtherField(TestTop10CitiesGregorianMonthlyPrayerTimes.java:504)
	at com.vdif.webautomation.prayertimes.TestTop10CitiesGregorianMonthlyPrayerTimes.testPrayerTimesInLondon(TestTop10CitiesGregorianMonthlyPrayerTimes.java:443)
... Removed 31 stack frames]]>
    </failure>
  </testcase> <!-- testPrayerTimesInLondon -->
  <testcase name="testPrayerTimesInMelbourne" time="30.407" classname="com.vdif.webautomation.prayertimes.TestTop10CitiesGregorianMonthlyPrayerTimes">
    <skipped/>
  </testcase> <!-- testPrayerTimesInMelbourne -->
  <testcase name="testPrayerTimesInMelbourne" time="32.368" classname="com.vdif.webautomation.prayertimes.TestTop10CitiesGregorianMonthlyPrayerTimes">
    <skipped/>
  </testcase> <!-- testPrayerTimesInMelbourne -->
  <testcase name="testPrayerTimesInMelbourne" time="28.604" classname="com.vdif.webautomation.prayertimes.TestTop10CitiesGregorianMonthlyPrayerTimes">
    <failure type="java.lang.AssertionError" message="expected [24] but found [23]">
      <![CDATA[java.lang.AssertionError: expected [24] but found [23]
	at com.vdif.webautomation.prayertimes.PrayerTimesPageComponent.VerifyListOfMonth(PrayerTimesPageComponent.java:191)
	at com.vdif.webautomation.prayertimes.TestTop10CitiesGregorianMonthlyPrayerTimes.enterOtherField(TestTop10CitiesGregorianMonthlyPrayerTimes.java:504)
	at com.vdif.webautomation.prayertimes.TestTop10CitiesGregorianMonthlyPrayerTimes.testPrayerTimesInMelbourne(TestTop10CitiesGregorianMonthlyPrayerTimes.java:351)
... Removed 31 stack frames]]>
    </failure>
  </testcase> <!-- testPrayerTimesInMelbourne -->
  <testcase name="testPrayerTimesInNewYork" time="60.399" classname="com.vdif.webautomation.prayertimes.TestTop10CitiesGregorianMonthlyPrayerTimes"/>
  <testcase name="testPrayerTimesInParis" time="64.915" classname="com.vdif.webautomation.prayertimes.TestTop10CitiesGregorianMonthlyPrayerTimes"/>
  <testcase name="testPrayerTimesInRiyadh" time="65.597" classname="com.vdif.webautomation.prayertimes.TestTop10CitiesGregorianMonthlyPrayerTimes"/>
  <testcase name="testPrayerTimesInSydney" time="31.206" classname="com.vdif.webautomation.prayertimes.TestTop10CitiesGregorianMonthlyPrayerTimes">
    <skipped/>
  </testcase> <!-- testPrayerTimesInSydney -->
  <testcase name="testPrayerTimesInSydney" time="30.182" classname="com.vdif.webautomation.prayertimes.TestTop10CitiesGregorianMonthlyPrayerTimes">
    <skipped/>
  </testcase> <!-- testPrayerTimesInSydney -->
  <testcase name="testPrayerTimesInSydney" time="31.053" classname="com.vdif.webautomation.prayertimes.TestTop10CitiesGregorianMonthlyPrayerTimes">
    <failure type="java.lang.AssertionError" message="expected [24] but found [23]">
      <![CDATA[java.lang.AssertionError: expected [24] but found [23]
	at com.vdif.webautomation.prayertimes.PrayerTimesPageComponent.VerifyListOfMonth(PrayerTimesPageComponent.java:191)
	at com.vdif.webautomation.prayertimes.TestTop10CitiesGregorianMonthlyPrayerTimes.enterOtherField(TestTop10CitiesGregorianMonthlyPrayerTimes.java:504)
	at com.vdif.webautomation.prayertimes.TestTop10CitiesGregorianMonthlyPrayerTimes.testPrayerTimesInSydney(TestTop10CitiesGregorianMonthlyPrayerTimes.java:167)
... Removed 31 stack frames]]>
    </failure>
  </testcase> <!-- testPrayerTimesInSydney -->
  <testcase name="testPrayerTimesInToronto" time="54.818" classname="com.vdif.webautomation.prayertimes.TestTop10CitiesGregorianMonthlyPrayerTimes"/>
</testsuite> <!-- Top10 Cities Gregorian Monthly Prayer Times Page -->
