<?xml version="1.0" encoding="UTF-8"?>
<!-- Generated by org.testng.reporters.JUnitXMLReporter -->
<testsuite hostname="NaeemSiddiq" ignored="0" name="Top3 Cities Hijri Prayer Times Page" tests="5" failures="1" timestamp="04 Apr 2018 12:17:06 GMT" time="277.694" errors="0">
  <testcase name="testHijriPrayerTimesInNewYork" time="86.5" classname="com.vdif.webautomation.prayertimes.TestTop3CitiesHijriPrayerTimes"/>
  <testcase name="testHijriPrayerTimesInRiyadh" time="64.166" classname="com.vdif.webautomation.prayertimes.TestTop3CitiesHijriPrayerTimes"/>
  <testcase name="testHijriPrayerTimesInSydney" time="40.639" classname="com.vdif.webautomation.prayertimes.TestTop3CitiesHijriPrayerTimes">
    <skipped/>
  </testcase> <!-- testHijriPrayerTimesInSydney -->
  <testcase name="testHijriPrayerTimesInSydney" time="40.329" classname="com.vdif.webautomation.prayertimes.TestTop3CitiesHijriPrayerTimes">
    <skipped/>
  </testcase> <!-- testHijriPrayerTimesInSydney -->
  <testcase name="testHijriPrayerTimesInSydney" time="40.049" classname="com.vdif.webautomation.prayertimes.TestTop3CitiesHijriPrayerTimes">
    <failure type="java.lang.AssertionError" message="expected [7] but found [8]">
      <![CDATA[java.lang.AssertionError: expected [7] but found [8]
	at com.vdif.webautomation.prayertimes.PrayerTimesPageComponent.VerifyListOfMonth(PrayerTimesPageComponent.java:191)
	at com.vdif.webautomation.prayertimes.TestTop3CitiesHijriPrayerTimes.enterOtherField(TestTop3CitiesHijriPrayerTimes.java:178)
	at com.vdif.webautomation.prayertimes.TestTop3CitiesHijriPrayerTimes.testHijriPrayerTimesInSydney(TestTop3CitiesHijriPrayerTimes.java:159)
... Removed 31 stack frames]]>
    </failure>
  </testcase> <!-- testHijriPrayerTimesInSydney -->
</testsuite> <!-- Top3 Cities Hijri Prayer Times Page -->
