<?xml version="1.0" encoding="UTF-8"?>
<!-- Generated by org.testng.reporters.JUnitXMLReporter -->
<testsuite hostname="NaeemSiddiq" ignored="0" name="World Page" tests="4" failures="0" timestamp="06 Mar 2018 13:09:16 GMT" time="203.547" errors="0">
  <testcase name="testCountriesNamesOnWorldPage" time="122.19" classname="com.vdif.webautomation.worldpage.TestWorldPage"/>
  <testcase name="testSaudiArabiaOnWorldPage" time="18.871" classname="com.vdif.webautomation.worldpage.TestWorldPage">
    <skipped/>
  </testcase> <!-- testSaudiArabiaOnWorldPage -->
  <testcase name="testSaudiArabiaOnWorldPage" time="32.229" classname="com.vdif.webautomation.worldpage.TestWorldPage"/>
  <testcase name="testUnitedStatesOnWorldPage" time="25.406" classname="com.vdif.webautomation.worldpage.TestWorldPage"/>
</testsuite> <!-- World Page -->
