<?xml version="1.0" encoding="UTF-8"?>
<!-- Generated by org.testng.reporters.JUnitXMLReporter -->
<testsuite hostname="NaeemSiddiq" ignored="0" name="Zakat Calculator Page" tests="3" failures="0" timestamp="06 Mar 2018 13:10:11 GMT" time="55.237" errors="0">
  <testcase name="testZakatCalculatorForZakatApplicable" time="22.129" classname="com.vdif.webautomation.zakatcalculator.TestZakatCalculatorPage"/>
  <testcase name="testZakatCalculatorForZakatNotApplicableCase1" time="15.159" classname="com.vdif.webautomation.zakatcalculator.TestZakatCalculatorPage"/>
  <testcase name="testZakatCalculatorForZakatNotApplicableCase2" time="13.16" classname="com.vdif.webautomation.zakatcalculator.TestZakatCalculatorPage"/>
</testsuite> <!-- Zakat Calculator Page -->
